<?xml version="1.0" encoding="UTF-8"?>
<testsuite xmlns:xsi="http://www.w3.org/2001/XMLSchema-instance" xsi:noNamespaceSchemaLocation="https://maven.apache.org/surefire/maven-surefire-plugin/xsd/surefire-test-report.xsd" name="TestSuite" time="21.729" tests="29" errors="0" skipped="0" failures="0">
  <properties>
    <property name="java.specification.version" value="21"/>
    <property name="sun.jnu.encoding" value="UTF-8"/>
    <property name="java.class.path" value="/opt/homebrew/Cellar/maven/3.9.6/libexec/boot/plexus-classworlds-2.7.0.jar"/>
    <property name="java.vm.vendor" value="Homebrew"/>
    <property name="sun.arch.data.model" value="64"/>
    <property name="java.vendor.url" value="https://github.com/Homebrew/homebrew-core/issues"/>
    <property name="user.timezone" value="Asia/Kolkata"/>
    <property name="maven.conf" value="/opt/homebrew/Cellar/maven/3.9.6/libexec/conf"/>
    <property name="java.vm.specification.version" value="21"/>
    <property name="os.name" value="Mac OS X"/>
    <property name="sun.java.launcher" value="SUN_STANDARD"/>
    <property name="user.country" value="IN"/>
    <property name="sun.boot.library.path" value="/opt/homebrew/Cellar/openjdk/21.0.2/libexec/openjdk.jdk/Contents/Home/lib"/>
    <property name="sun.java.command" value="org.codehaus.plexus.classworlds.launcher.Launcher clean install -Denv=qa"/>
    <property name="http.nonProxyHosts" value="local|*.local|169.254/16|*.169.254/16"/>
    <property name="jdk.debug" value="release"/>
    <property name="maven.home" value="/opt/homebrew/Cellar/maven/3.9.6/libexec"/>
    <property name="sun.cpu.endian" value="little"/>
    <property name="user.home" value="/Users/pravalmishra"/>
    <property name="user.language" value="en"/>
    <property name="java.specification.vendor" value="Oracle Corporation"/>
    <property name="java.version.date" value="2024-01-16"/>
    <property name="java.home" value="/opt/homebrew/Cellar/openjdk/21.0.2/libexec/openjdk.jdk/Contents/Home"/>
    <property name="file.separator" value="/"/>
    <property name="java.vm.compressedOopsMode" value="Zero based"/>
    <property name="line.separator" value="&#10;"/>
    <property name="java.vm.specification.vendor" value="Oracle Corporation"/>
    <property name="java.specification.name" value="Java Platform API Specification"/>
    <property name="apple.awt.application.name" value="Launcher"/>
    <property name="sun.management.compiler" value="HotSpot 64-Bit Tiered Compilers"/>
    <property name="ftp.nonProxyHosts" value="local|*.local|169.254/16|*.169.254/16"/>
    <property name="java.runtime.version" value="21.0.2"/>
    <property name="user.name" value="pravalmishra"/>
    <property name="stdout.encoding" value="UTF-8"/>
    <property name="path.separator" value=":"/>
    <property name="os.version" value="14.4.1"/>
    <property name="java.runtime.name" value="OpenJDK Runtime Environment"/>
    <property name="file.encoding" value="UTF-8"/>
    <property name="guice.disable.misplaced.annotation.check" value="true"/>
    <property name="java.vm.name" value="OpenJDK 64-Bit Server VM"/>
    <property name="java.vendor.version" value="Homebrew"/>
    <property name="java.vendor.url.bug" value="https://github.com/Homebrew/homebrew-core/issues"/>
    <property name="java.io.tmpdir" value="/var/folders/c6/3l582mb97j5g39p7sx8wptj80000gp/T/"/>
    <property name="java.version" value="21.0.2"/>
    <property name="user.dir" value="/Users/pravalmishra/Automation/SeleniumFramework"/>
    <property name="os.arch" value="aarch64"/>
    <property name="maven.multiModuleProjectDirectory" value="/Users/pravalmishra/Automation/SeleniumFramework"/>
    <property name="java.vm.specification.name" value="Java Virtual Machine Specification"/>
    <property name="env" value="qa"/>
    <property name="native.encoding" value="UTF-8"/>
    <property name="java.library.path" value="/Users/pravalmishra/Library/Java/Extensions:/Library/Java/Extensions:/Network/Library/Java/Extensions:/System/Library/Java/Extensions:/usr/lib/java:."/>
    <property name="java.vm.info" value="mixed mode, sharing"/>
    <property name="stderr.encoding" value="UTF-8"/>
    <property name="java.vendor" value="Homebrew"/>
    <property name="java.vm.version" value="21.0.2"/>
    <property name="classworlds.conf" value="/opt/homebrew/Cellar/maven/3.9.6/libexec/bin/m2.conf"/>
    <property name="sun.io.unicode.encoding" value="UnicodeBig"/>
    <property name="library.jansi.path" value="/opt/homebrew/Cellar/maven/3.9.6/libexec/lib/jansi-native"/>
    <property name="socksNonProxyHosts" value="local|*.local|169.254/16|*.169.254/16"/>
    <property name="java.class.version" value="65.0"/>
  </properties>
  <testcase name="loginPageTitleTest" classname="com.qa.opencart.tests.LoginPageTest" time="0.033"/>
  <testcase name="loginPageURLTest" classname="com.qa.opencart.tests.LoginPageTest" time="0.018"/>
  <testcase name="forgotPwdLinkExistTest" classname="com.qa.opencart.tests.LoginPageTest" time="0.053"/>
  <testcase name="accPageHeadersTest" classname="com.qa.opencart.tests.AccountsPageTest" time="0.042"/>
  <testcase name="accPageTitleTest" classname="com.qa.opencart.tests.AccountsPageTest" time="0.005"/>
  <testcase name="accPageURLTest" classname="com.qa.opencart.tests.AccountsPageTest" time="0.008"/>
  <testcase name="isLogoutLinkExistTest" classname="com.qa.opencart.tests.AccountsPageTest" time="0.092"/>
  <testcase name="myAccountLinkExistTest" classname="com.qa.opencart.tests.AccountsPageTest" time="0.041"/>
  <testcase name="searchTest" classname="com.qa.opencart.tests.AccountsPageTest" time="0.147"/>
  <testcase name="loginTest" classname="com.qa.opencart.tests.LoginPageTest" time="0.068"/>
  <testcase name="searchResultsCountTest" classname="com.qa.opencart.tests.SearchResultsTest" time="0.655"/>
  <testcase name="searchResultsCountTest" classname="com.qa.opencart.tests.SearchResultsTest" time="0.72"/>
  <testcase name="searchResultsCountTest" classname="com.qa.opencart.tests.SearchResultsTest" time="0.205"/>
  <testcase name="addItemTest" classname="com.qa.opencart.tests.ProductPageInfoTest" time="0.57"/>
  <testcase name="searchResultsTest" classname="com.qa.opencart.tests.SearchResultsTest" time="0.02"/>
  <testcase name="userRegTest" classname="com.qa.opencart.tests.RegPageTest" time="0.171"/>
  <testcase name="userRegTest" classname="com.qa.opencart.tests.RegPageTest" time="0.189"/>
  <testcase name="userRegTest" classname="com.qa.opencart.tests.RegPageTest" time="0.109"/>
  <testcase name="productHeaderTest" classname="com.qa.opencart.tests.ProductPageInfoTest" time="0.77"/>
  <testcase name="productHeaderTest" classname="com.qa.opencart.tests.ProductPageInfoTest" time="1.325"/>
  <testcase name="productHeaderTest" classname="com.qa.opencart.tests.ProductPageInfoTest" time="0.908"/>
  <testcase name="productHeaderTest" classname="com.qa.opencart.tests.ProductPageInfoTest" time="1.087"/>
  <testcase name="addToCartPageTitleTest" classname="com.qa.opencart.tests.AddToCartPageTest" time="0.215"/>
  <testcase name="productImagesCountTest" classname="com.qa.opencart.tests.ProductPageInfoTest" time="0.931"/>
  <testcase name="productImagesCountTest" classname="com.qa.opencart.tests.ProductPageInfoTest" time="0.901"/>
  <testcase name="productImagesCountTest" classname="com.qa.opencart.tests.ProductPageInfoTest" time="0.941"/>
  <testcase name="productImagesCountTest" classname="com.qa.opencart.tests.ProductPageInfoTest" time="0.891"/>
  <testcase name="productImagesCountTest" classname="com.qa.opencart.tests.ProductPageInfoTest" time="1.34"/>
  <testcase name="productInfoTest" classname="com.qa.opencart.tests.ProductPageInfoTest" time="0.882"/>
</testsuite>