<?xml version="1.0" encoding="UTF-8"?>
<!-- Generated by org.testng.reporters.JUnitReportReporter -->
<testsuite hostname="Pravals-MacBook-Pro.local" failures="0" tests="3" name="com.qa.opencart.tests.Testing" time="0.030" errors="0" timestamp="2024-04-11T14:01:49 IST" skipped="0">
  <testcase classname="com.qa.opencart.tests.Testing" name="testData" time="0.003"/>
  <testcase classname="com.qa.opencart.tests.Testing" name="testData" time="0.026"/>
  <testcase classname="com.qa.opencart.tests.Testing" name="testData" time="0.001"/>
</testsuite> <!-- com.qa.opencart.tests.Testing -->
