<?xml version="1.0" encoding="UTF-8"?>
<!-- Generated by org.testng.reporters.JUnitReportReporter -->
<testsuite hostname="Pravals-MacBook-Pro.local" failures="0" tests="4" name="com.qa.opencart.tests.SearchResultsTest" time="15.540" errors="0" timestamp="2024-04-27T21:38:46 IST" skipped="0">
  <testcase classname="com.qa.opencart.tests.SearchResultsTest" name="searchResultsCountTest" time="1.805"/>
  <system-out/>
  <testcase classname="com.qa.opencart.tests.SearchResultsTest" name="searchResultsTest" time="0.042"/>
  <system-out/>
  <testcase classname="com.qa.opencart.tests.SearchResultsTest" name="searchResultsCountTest" time="3.349"/>
  <system-out/>
  <testcase classname="com.qa.opencart.tests.SearchResultsTest" name="searchResultsCountTest" time="10.344"/>
  <system-out/>
</testsuite> <!-- com.qa.opencart.tests.SearchResultsTest -->
