<?xml version="1.0" encoding="UTF-8"?>
<!-- Generated by org.testng.reporters.JUnitReportReporter -->
<testsuite hostname="Pravals-MacBook-Pro.local" failures="0" tests="11" name="com.qa.opencart.tests.ProductPageInfoTest" time="45.778" errors="0" timestamp="2024-04-27T21:38:46 IST" skipped="0">
  <testcase classname="com.qa.opencart.tests.ProductPageInfoTest" name="productHeaderTest" time="9.010"/>
  <system-out/>
  <testcase classname="com.qa.opencart.tests.ProductPageInfoTest" name="productImagesCountTest" time="1.168"/>
  <system-out/>
  <testcase classname="com.qa.opencart.tests.ProductPageInfoTest" name="productHeaderTest" time="6.796"/>
  <system-out/>
  <testcase classname="com.qa.opencart.tests.ProductPageInfoTest" name="addItemTest" time="11.154"/>
  <system-out/>
  <testcase classname="com.qa.opencart.tests.ProductPageInfoTest" name="productImagesCountTest" time="1.499"/>
  <system-out/>
  <testcase classname="com.qa.opencart.tests.ProductPageInfoTest" name="productImagesCountTest" time="1.575"/>
  <system-out/>
  <testcase classname="com.qa.opencart.tests.ProductPageInfoTest" name="productInfoTest" time="1.029"/>
  <system-out/>
  <testcase classname="com.qa.opencart.tests.ProductPageInfoTest" name="productHeaderTest" time="1.791"/>
  <system-out/>
  <testcase classname="com.qa.opencart.tests.ProductPageInfoTest" name="productHeaderTest" time="3.192"/>
  <system-out/>
  <testcase classname="com.qa.opencart.tests.ProductPageInfoTest" name="productImagesCountTest" time="6.468"/>
  <system-out/>
  <testcase classname="com.qa.opencart.tests.ProductPageInfoTest" name="productImagesCountTest" time="2.096"/>
  <system-out/>
</testsuite> <!-- com.qa.opencart.tests.ProductPageInfoTest -->
