<?xml version="1.0" encoding="UTF-8"?>
<!-- Generated by org.testng.reporters.JUnitReportReporter -->
<testsuite hostname="Pravals-MacBook-Pro.local" failures="0" tests="4" name="com.qa.opencart.tests.SearchResultsTest" time="13.306" errors="0" timestamp="2024-05-01T22:32:52 IST" skipped="0">
  <testcase classname="com.qa.opencart.tests.SearchResultsTest" name="searchResultsCountTest" time="1.652"/>
  <system-out/>
  <testcase classname="com.qa.opencart.tests.SearchResultsTest" name="searchResultsTest" time="0.087"/>
  <system-out/>
  <testcase classname="com.qa.opencart.tests.SearchResultsTest" name="searchResultsCountTest" time="8.637"/>
  <system-out/>
  <testcase classname="com.qa.opencart.tests.SearchResultsTest" name="searchResultsCountTest" time="2.930"/>
  <system-out/>
</testsuite> <!-- com.qa.opencart.tests.SearchResultsTest -->
