<?xml version="1.0" encoding="UTF-8"?>
<!-- Generated by org.testng.reporters.JUnitReportReporter -->
<testsuite hostname="Pravals-MacBook-Pro.local" failures="0" tests="2" name="com.qa.opencart.tests.AddToCartPageTest" time="33.276" errors="0" timestamp="2024-04-27T21:38:46 IST" skipped="1">
  <testcase classname="com.qa.opencart.tests.AddToCartPageTest" name="addToCartPageTitleTest" time="13.921"/>
  <system-out/>
  <testcase classname="com.qa.opencart.tests.AddToCartPageTest" name="addToCartPageTitleTest" time="19.355">
    <skipped/>
  </testcase> <!-- addToCartPageTitleTest -->
  <system-out/>
</testsuite> <!-- com.qa.opencart.tests.AddToCartPageTest -->
