<?xml version="1.0" encoding="UTF-8"?>
<!-- Generated by org.testng.reporters.JUnitReportReporter -->
<testsuite hostname="Pravals-MacBook-Pro.local" failures="0" tests="11" name="com.qa.opencart.tests.ProductPageInfoTest" time="48.169" errors="0" timestamp="2024-05-01T22:32:52 IST" skipped="0">
  <testcase classname="com.qa.opencart.tests.ProductPageInfoTest" name="productHeaderTest" time="3.484"/>
  <system-out/>
  <testcase classname="com.qa.opencart.tests.ProductPageInfoTest" name="productHeaderTest" time="8.219"/>
  <system-out/>
  <testcase classname="com.qa.opencart.tests.ProductPageInfoTest" name="productHeaderTest" time="2.070"/>
  <system-out/>
  <testcase classname="com.qa.opencart.tests.ProductPageInfoTest" name="productImagesCountTest" time="6.616"/>
  <system-out/>
  <testcase classname="com.qa.opencart.tests.ProductPageInfoTest" name="addItemTest" time="10.178"/>
  <system-out/>
  <testcase classname="com.qa.opencart.tests.ProductPageInfoTest" name="productImagesCountTest" time="6.920"/>
  <system-out/>
  <testcase classname="com.qa.opencart.tests.ProductPageInfoTest" name="productInfoTest" time="2.041"/>
  <system-out/>
  <testcase classname="com.qa.opencart.tests.ProductPageInfoTest" name="productImagesCountTest" time="2.849"/>
  <system-out/>
  <testcase classname="com.qa.opencart.tests.ProductPageInfoTest" name="productHeaderTest" time="2.215"/>
  <system-out/>
  <testcase classname="com.qa.opencart.tests.ProductPageInfoTest" name="productImagesCountTest" time="1.470"/>
  <system-out/>
  <testcase classname="com.qa.opencart.tests.ProductPageInfoTest" name="productImagesCountTest" time="2.107"/>
  <system-out/>
</testsuite> <!-- com.qa.opencart.tests.ProductPageInfoTest -->
