<?xml version="1.0" encoding="UTF-8"?>
<!-- Generated by org.testng.reporters.JUnitReportReporter -->
<testsuite hostname="Pravals-MacBook-Pro.local" failures="0" tests="1" name="com.qa.opencart.tests.AddToCartPageTest" time="10.925" errors="0" timestamp="2024-04-27T18:02:58 IST" skipped="0">
  <testcase classname="com.qa.opencart.tests.AddToCartPageTest" name="addToCartPageTitleTest" time="10.925"/>
  <system-out/>
</testsuite> <!-- com.qa.opencart.tests.AddToCartPageTest -->
