<?xml version="1.0" encoding="UTF-8"?>
<!-- Generated by org.testng.reporters.JUnitReportReporter -->
<testsuite hostname="Pravals-MacBook-Pro.local" failures="0" tests="3" name="com.qa.opencart.tests.RegPageTest" time="24.253" errors="0" timestamp="2024-04-27T18:02:58 IST" skipped="0">
  <testcase classname="com.qa.opencart.tests.RegPageTest" name="userRegTest" time="15.756"/>
  <system-out/>
  <testcase classname="com.qa.opencart.tests.RegPageTest" name="userRegTest" time="3.746"/>
  <system-out/>
  <testcase classname="com.qa.opencart.tests.RegPageTest" name="userRegTest" time="4.751"/>
  <system-out/>
</testsuite> <!-- com.qa.opencart.tests.RegPageTest -->
