<?xml version="1.0" encoding="UTF-8"?>
<!-- Generated by org.testng.reporters.JUnitReportReporter -->
<testsuite hostname="Pravals-MacBook-Pro.local" failures="0" tests="3" name="com.qa.opencart.tests.RegPageTest" time="40.106" errors="0" timestamp="2024-04-27T21:38:46 IST" skipped="0">
  <testcase classname="com.qa.opencart.tests.RegPageTest" name="userRegTest" time="16.873"/>
  <system-out/>
  <testcase classname="com.qa.opencart.tests.RegPageTest" name="userRegTest" time="12.957"/>
  <system-out/>
  <testcase classname="com.qa.opencart.tests.RegPageTest" name="userRegTest" time="10.276"/>
  <system-out/>
</testsuite> <!-- com.qa.opencart.tests.RegPageTest -->
