<?xml version="1.0" encoding="UTF-8"?>
<!-- Generated by org.testng.reporters.JUnitReportReporter -->
<testsuite hostname="Pravals-MacBook-Pro.local" failures="0" tests="11" name="com.qa.opencart.tests.ProductPageInfoTest" time="42.759" errors="0" timestamp="2024-04-27T18:02:58 IST" skipped="0">
  <testcase classname="com.qa.opencart.tests.ProductPageInfoTest" name="productHeaderTest" time="6.409"/>
  <system-out/>
  <testcase classname="com.qa.opencart.tests.ProductPageInfoTest" name="addItemTest" time="12.012"/>
  <system-out/>
  <testcase classname="com.qa.opencart.tests.ProductPageInfoTest" name="productImagesCountTest" time="1.366"/>
  <system-out/>
  <testcase classname="com.qa.opencart.tests.ProductPageInfoTest" name="productHeaderTest" time="1.581"/>
  <system-out/>
  <testcase classname="com.qa.opencart.tests.ProductPageInfoTest" name="productImagesCountTest" time="1.553"/>
  <system-out/>
  <testcase classname="com.qa.opencart.tests.ProductPageInfoTest" name="productHeaderTest" time="1.396"/>
  <system-out/>
  <testcase classname="com.qa.opencart.tests.ProductPageInfoTest" name="productImagesCountTest" time="1.591"/>
  <system-out/>
  <testcase classname="com.qa.opencart.tests.ProductPageInfoTest" name="productInfoTest" time="1.613"/>
  <system-out/>
  <testcase classname="com.qa.opencart.tests.ProductPageInfoTest" name="productImagesCountTest" time="6.620"/>
  <system-out/>
  <testcase classname="com.qa.opencart.tests.ProductPageInfoTest" name="productHeaderTest" time="6.789"/>
  <system-out/>
  <testcase classname="com.qa.opencart.tests.ProductPageInfoTest" name="productImagesCountTest" time="1.829"/>
  <system-out/>
</testsuite> <!-- com.qa.opencart.tests.ProductPageInfoTest -->
