<?xml version="1.0" encoding="UTF-8"?>
<!-- Generated by org.testng.reporters.JUnitReportReporter -->
<testsuite hostname="Pravals-MacBook-Pro.local" failures="0" tests="4" name="com.qa.opencart.tests.SearchResultsTest" time="19.687" errors="0" timestamp="2024-04-27T18:02:58 IST" skipped="0">
  <testcase classname="com.qa.opencart.tests.SearchResultsTest" name="searchResultsCountTest" time="12.177"/>
  <system-out/>
  <testcase classname="com.qa.opencart.tests.SearchResultsTest" name="searchResultsTest" time="5.091"/>
  <system-out/>
  <testcase classname="com.qa.opencart.tests.SearchResultsTest" name="searchResultsCountTest" time="1.455"/>
  <system-out/>
  <testcase classname="com.qa.opencart.tests.SearchResultsTest" name="searchResultsCountTest" time="0.964"/>
  <system-out/>
</testsuite> <!-- com.qa.opencart.tests.SearchResultsTest -->
