<?xml version="1.0" encoding="UTF-8"?>
<!-- Generated by org.testng.reporters.JUnitReportReporter -->
<testsuite hostname="Pravals-MacBook-Pro.local" failures="0" tests="3" name="com.qa.opencart.tests.RegPageTest" time="29.911" errors="0" timestamp="2024-05-01T22:32:52 IST" skipped="0">
  <testcase classname="com.qa.opencart.tests.RegPageTest" name="userRegTest" time="3.819"/>
  <system-out/>
  <testcase classname="com.qa.opencart.tests.RegPageTest" name="userRegTest" time="9.361"/>
  <system-out/>
  <testcase classname="com.qa.opencart.tests.RegPageTest" name="userRegTest" time="16.731"/>
  <system-out/>
</testsuite> <!-- com.qa.opencart.tests.RegPageTest -->
