<?xml version="1.0" encoding="UTF-8"?>
<!-- Generated by org.testng.reporters.JUnitReportReporter -->
<testsuite hostname="Pravals-MacBook-Pro.local" failures="0" tests="3" name="com.qa.opencart.tests.RegPageTest" time="12.452" errors="0" timestamp="2024-04-14T00:28:07 IST" skipped="0">
  <testcase classname="com.qa.opencart.tests.RegPageTest" name="userRegTest" time="2.284"/>
  <testcase classname="com.qa.opencart.tests.RegPageTest" name="userRegTest" time="7.336"/>
  <testcase classname="com.qa.opencart.tests.RegPageTest" name="userRegTest" time="2.832"/>
</testsuite> <!-- com.qa.opencart.tests.RegPageTest -->
